\BOOKMARK [0][]{symbolentry.3}{List of Symbols}{}% 1
\BOOKMARK [0][]{abbreviation.4}{List of Abbreviations}{}% 2
\BOOKMARK [0][]{section*.2}{List of Figures}{}% 3
\BOOKMARK [0][]{section*.3}{List of Tables}{}% 4
\BOOKMARK [0][]{chapter.1}{Introduction}{}% 5
\BOOKMARK [1][]{section.1.1}{Objectives and Expected Contributions}{chapter.1}% 6
\BOOKMARK [1][]{section.1.2}{Text Structure}{chapter.1}% 7
\BOOKMARK [0][]{chapter.2}{Autonomous Search}{}% 8
\BOOKMARK [1][]{section.2.1}{Algorithm Selection and Autonomous Solvers}{chapter.2}% 9
\BOOKMARK [1][]{section.2.2}{Off-line Configuration}{chapter.2}% 10
\BOOKMARK [2][]{subsection.2.2.1}{Evolutionary Computing}{section.2.2}% 11
\BOOKMARK [2][]{subsection.2.2.2}{Stochastic Local Search}{section.2.2}% 12
\BOOKMARK [2][]{subsection.2.2.3}{Machine Learning}{section.2.2}% 13
\BOOKMARK [1][]{section.2.3}{On-line Control}{chapter.2}% 14
\BOOKMARK [2][]{subsection.2.3.1}{Adaptive Parameter Configuration}{section.2.3}% 15
\BOOKMARK [2][]{subsection.2.3.2}{Credit Assignment}{section.2.3}% 16
\BOOKMARK [2][]{subsection.2.3.3}{Reinforcement Learning}{section.2.3}% 17
\BOOKMARK [0][]{chapter.3}{Autotuning}{}% 18
\BOOKMARK [1][]{section.3.1}{OpenTuner}{chapter.3}% 19
\BOOKMARK [2][]{subsection.3.1.1}{Context}{section.3.1}% 20
\BOOKMARK [2][]{subsection.3.1.2}{Software Architecture}{section.3.1}% 21
\BOOKMARK [1][]{section.3.2}{Search Techniques}{chapter.3}% 22
\BOOKMARK [2][]{subsection.3.2.1}{Numerical Methods}{section.3.2}% 23
\BOOKMARK [2][]{subsection.3.2.2}{Evolutionary Computation}{section.3.2}% 24
\BOOKMARK [2][]{subsection.3.2.3}{Stochastic Local Search}{section.3.2}% 25
\BOOKMARK [2][]{subsection.3.2.4}{Machine Learning}{section.3.2}% 26
\BOOKMARK [1][]{section.3.3}{Benchmarks}{chapter.3}% 27
\BOOKMARK [2][]{subsection.3.3.1}{Solvers of NP-Complete Problems}{section.3.3}% 28
\BOOKMARK [2][]{subsection.3.3.2}{Algorithm Selection and Configuration}{section.3.3}% 29
\BOOKMARK [2][]{subsection.3.3.3}{Compiler Configuration}{section.3.3}% 30
\BOOKMARK [2][]{subsection.3.3.4}{Measurement Time}{section.3.3}% 31
\BOOKMARK [0][]{chapter.4}{Case Studies}{}% 32
\BOOKMARK [1][]{section.4.1}{Selecting Compiler Parameters for GPUs}{chapter.4}% 33
\BOOKMARK [2][]{subsection.4.1.1}{Introduction}{section.4.1}% 34
\BOOKMARK [2][]{subsection.4.1.2}{Results}{section.4.1}% 35
\BOOKMARK [2][]{subsection.4.1.3}{Small Measurement Time}{section.4.1}% 36
\BOOKMARK [2][]{subsection.4.1.4}{Summary and Future Work}{section.4.1}% 37
\BOOKMARK [1][]{section.4.2}{Autotuning and Distributed Computing}{chapter.4}% 38
\BOOKMARK [2][]{subsection.4.2.1}{Introduction}{section.4.2}% 39
\BOOKMARK [2][]{subsection.4.2.2}{Results}{section.4.2}% 40
\BOOKMARK [2][]{subsection.4.2.3}{Parallel and Distributed Programming in OpenTuner}{section.4.2}% 41
\BOOKMARK [2][]{subsection.4.2.4}{Summary and Future Work}{section.4.2}% 42
\BOOKMARK [1][]{section.4.3}{Selecting Parameters for High-Level Synthesis for FPGAs}{chapter.4}% 43
\BOOKMARK [2][]{subsection.4.3.1}{Introduction}{section.4.3}% 44
\BOOKMARK [2][]{subsection.4.3.2}{Results}{section.4.3}% 45
\BOOKMARK [2][]{subsection.4.3.3}{Large Measurement Time}{section.4.3}% 46
\BOOKMARK [2][]{subsection.4.3.4}{Summary and Future Work}{section.4.3}% 47
\BOOKMARK [0][]{chapter.5}{Parallel and Distributed Autotuning in the Julia Language}{}% 48
\BOOKMARK [1][]{section.5.1}{The Julia Language}{chapter.5}% 49
\BOOKMARK [1][]{section.5.2}{StochasticSearch.jl}{chapter.5}% 50
\BOOKMARK [2][]{subsection.5.2.1}{Objective}{section.5.2}% 51
\BOOKMARK [2][]{subsection.5.2.2}{Software Architecture}{section.5.2}% 52
\BOOKMARK [2][]{subsection.5.2.3}{Results}{section.5.2}% 53
\BOOKMARK [2][]{subsection.5.2.4}{Summary and Future Work}{section.5.2}% 54
\BOOKMARK [0][]{chapter.6}{Summary and Discussion}{}% 55
\BOOKMARK [1][]{section.6.1}{Objective and Future Work}{chapter.6}% 56
\BOOKMARK [1][]{section.6.2}{Schedule}{chapter.6}% 57
\BOOKMARK [0][]{appendix*.4}{Bibliography}{}% 58
\BOOKMARK [0][]{appendix*.4}{Index}{}% 59
